  [1m[35m (119.8ms)[0m  [1m[35mCREATE DATABASE `catcatcat_development` DEFAULT CHARACTER SET `utf8mb4` /*application='Catcatcat'*/[0m
  [1m[35m (3.5ms)[0m  [1m[35mCREATE DATABASE `catcatcat_development` DEFAULT CHARACTER SET `utf8mb4` /*application='Catcatcat'*/[0m
  [1m[35m (0.5ms)[0m  [1m[35mCREATE DATABASE `catcatcat_test` DEFAULT CHARACTER SET `utf8mb4` /*application='Catcatcat'*/[0m
Started GET "/" for 127.0.0.1 at 2025-02-19 11:09:32 +0900
  [1m[35m (3.1ms)[0m  [1m[35mCREATE TABLE `schema_migrations` (`version` varchar(255) NOT NULL PRIMARY KEY) /*application='Catcatcat'*/[0m
  [1m[35m (1.8ms)[0m  [1m[35mCREATE TABLE `ar_internal_metadata` (`key` varchar(255) NOT NULL PRIMARY KEY, `value` varchar(255), `created_at` datetime(6) NOT NULL, `updated_at` datetime(6) NOT NULL) /*application='Catcatcat'*/[0m
  [1m[36mActiveRecord::SchemaMigration Load (1.6ms)[0m  [1m[34mSELECT `schema_migrations`.`version` FROM `schema_migrations` ORDER BY `schema_migrations`.`version` ASC /*application='Catcatcat'*/[0m
Processing by Rails::WelcomeController#index as HTML
  Rendering /Users/thibira/.rbenv/versions/3.4.2/lib/ruby/gems/3.4.0/gems/railties-8.0.1/lib/rails/templates/rails/welcome/index.html.erb
  Rendered /Users/thibira/.rbenv/versions/3.4.2/lib/ruby/gems/3.4.0/gems/railties-8.0.1/lib/rails/templates/rails/welcome/index.html.erb (Duration: 0.3ms | GC: 0.0ms)
Completed 200 OK in 72ms (Views: 4.2ms | ActiveRecord: 0.0ms (0 queries, 0 cached) | GC: 0.0ms)


Started POST "/v1/auth" for 127.0.0.1 at 2025-02-19 11:19:13 +0900
  [1m[36mActiveRecord::SchemaMigration Load (0.5ms)[0m  [1m[34mSELECT `schema_migrations`.`version` FROM `schema_migrations` ORDER BY `schema_migrations`.`version` ASC /*application='Catcatcat'*/[0m
  
ActiveRecord::PendingMigrationError (

Migrations are pending. To resolve this issue, run:

        bin/rails db:migrate

You have 1 pending migration:

db/migrate/20250219021358_devise_token_auth_create_users.rb


):
  
activerecord (8.0.1) lib/active_record/migration.rb:743:in 'ActiveRecord::Migration.check_pending_migrations'
activerecord (8.0.1) lib/active_record/migration.rb:660:in 'block (2 levels) in ActiveRecord::Migration::CheckPending#call'
activesupport (8.0.1) lib/active_support/file_update_checker.rb:85:in 'ActiveSupport::FileUpdateChecker#execute'
activerecord (8.0.1) lib/active_record/migration.rb:665:in 'block in ActiveRecord::Migration::CheckPending#call'
activerecord (8.0.1) lib/active_record/migration.rb:657:in 'Thread::Mutex#synchronize'
activerecord (8.0.1) lib/active_record/migration.rb:657:in 'ActiveRecord::Migration::CheckPending#call'
actionpack (8.0.1) lib/action_dispatch/middleware/callbacks.rb:31:in 'block in ActionDispatch::Callbacks#call'
activesupport (8.0.1) lib/active_support/callbacks.rb:100:in 'ActiveSupport::Callbacks#run_callbacks'
actionpack (8.0.1) lib/action_dispatch/middleware/callbacks.rb:30:in 'ActionDispatch::Callbacks#call'
actionpack (8.0.1) lib/action_dispatch/middleware/executor.rb:16:in 'ActionDispatch::Executor#call'
actionpack (8.0.1) lib/action_dispatch/middleware/actionable_exceptions.rb:18:in 'ActionDispatch::ActionableExceptions#call'
actionpack (8.0.1) lib/action_dispatch/middleware/debug_exceptions.rb:31:in 'ActionDispatch::DebugExceptions#call'
web-console (4.2.1) lib/web_console/middleware.rb:132:in 'WebConsole::Middleware#call_app'
web-console (4.2.1) lib/web_console/middleware.rb:28:in 'block in WebConsole::Middleware#call'
web-console (4.2.1) lib/web_console/middleware.rb:17:in 'Kernel#catch'
web-console (4.2.1) lib/web_console/middleware.rb:17:in 'WebConsole::Middleware#call'
actionpack (8.0.1) lib/action_dispatch/middleware/show_exceptions.rb:32:in 'ActionDispatch::ShowExceptions#call'
railties (8.0.1) lib/rails/rack/logger.rb:41:in 'Rails::Rack::Logger#call_app'
railties (8.0.1) lib/rails/rack/logger.rb:29:in 'Rails::Rack::Logger#call'
actionpack (8.0.1) lib/action_dispatch/middleware/remote_ip.rb:96:in 'ActionDispatch::RemoteIp#call'
actionpack (8.0.1) lib/action_dispatch/middleware/request_id.rb:34:in 'ActionDispatch::RequestId#call'
rack (3.1.10) lib/rack/method_override.rb:28:in 'Rack::MethodOverride#call'
rack (3.1.10) lib/rack/runtime.rb:24:in 'Rack::Runtime#call'
actionpack (8.0.1) lib/action_dispatch/middleware/server_timing.rb:61:in 'block in ActionDispatch::ServerTiming#call'
actionpack (8.0.1) lib/action_dispatch/middleware/server_timing.rb:26:in 'ActionDispatch::ServerTiming::Subscriber#collect_events'
actionpack (8.0.1) lib/action_dispatch/middleware/server_timing.rb:60:in 'ActionDispatch::ServerTiming#call'
actionpack (8.0.1) lib/action_dispatch/middleware/executor.rb:16:in 'ActionDispatch::Executor#call'
actionpack (8.0.1) lib/action_dispatch/middleware/static.rb:27:in 'ActionDispatch::Static#call'
rack (3.1.10) lib/rack/sendfile.rb:114:in 'Rack::Sendfile#call'
actionpack (8.0.1) lib/action_dispatch/middleware/host_authorization.rb:143:in 'ActionDispatch::HostAuthorization#call'
railties (8.0.1) lib/rails/engine.rb:535:in 'Rails::Engine#call'
puma (6.6.0) lib/puma/configuration.rb:279:in 'Puma::Configuration::ConfigMiddleware#call'
puma (6.6.0) lib/puma/request.rb:99:in 'block in Puma::Request#handle_request'
puma (6.6.0) lib/puma/thread_pool.rb:390:in 'Puma::ThreadPool#with_force_shutdown'
puma (6.6.0) lib/puma/request.rb:98:in 'Puma::Request#handle_request'
puma (6.6.0) lib/puma/server.rb:472:in 'Puma::Server#process_client'
puma (6.6.0) lib/puma/server.rb:254:in 'block in Puma::Server#run'
puma (6.6.0) lib/puma/thread_pool.rb:167:in 'block in Puma::ThreadPool#spawn_thread'
  [1m[35mSQL (0.4ms)[0m  [1m[34mSELECT GET_LOCK('5987710123525680375', 0) /*application='Catcatcat'*/[0m
  [1m[36mActiveRecord::SchemaMigration Load (0.3ms)[0m  [1m[34mSELECT `schema_migrations`.`version` FROM `schema_migrations` ORDER BY `schema_migrations`.`version` ASC /*application='Catcatcat'*/[0m
  [1m[36mActiveRecord::InternalMetadata Load (3.9ms)[0m  [1m[34mSELECT * FROM `ar_internal_metadata` WHERE `ar_internal_metadata`.`key` = 'environment' ORDER BY `ar_internal_metadata`.`key` ASC LIMIT 1 /*application='Catcatcat'*/[0m
  [1m[36mActiveRecord::InternalMetadata Create (2.6ms)[0m  [1m[32mINSERT INTO `ar_internal_metadata` (`key`, `value`, `created_at`, `updated_at`) VALUES ('environment', 'development', '2025-02-19 02:19:37.525286', '2025-02-19 02:19:37.525287') /*application='Catcatcat'*/[0m
Migrating to DeviseTokenAuthCreateUsers (20250219021358)
  [1m[35m (7.7ms)[0m  [1m[35mCREATE TABLE `users` (`id` bigint NOT NULL AUTO_INCREMENT PRIMARY KEY, `provider` varchar(255) DEFAULT 'email' NOT NULL, `uid` varchar(255) DEFAULT '' NOT NULL, `encrypted_password` varchar(255) DEFAULT '' NOT NULL, `reset_password_token` varchar(255), `reset_password_sent_at` datetime(6), `allow_password_change` tinyint(1) DEFAULT FALSE, `remember_created_at` datetime(6), `confirmation_token` varchar(255), `confirmed_at` datetime(6), `confirmation_sent_at` datetime(6), `unconfirmed_email` varchar(255), `name` varchar(255), `nickname` varchar(255), `image` varchar(255), `email` varchar(255), `tokens` text, `created_at` datetime(6) NOT NULL, `updated_at` datetime(6) NOT NULL) /*application='Catcatcat'*/[0m
  [1m[35m (8.9ms)[0m  [1m[35mCREATE UNIQUE INDEX `index_users_on_email` ON `users` (`email`) /*application='Catcatcat'*/[0m
  [1m[35m (4.6ms)[0m  [1m[35mCREATE UNIQUE INDEX `index_users_on_uid_and_provider` ON `users` (`uid`, `provider`) /*application='Catcatcat'*/[0m
  [1m[35m (4.6ms)[0m  [1m[35mCREATE UNIQUE INDEX `index_users_on_reset_password_token` ON `users` (`reset_password_token`) /*application='Catcatcat'*/[0m
  [1m[35m (5.3ms)[0m  [1m[35mCREATE UNIQUE INDEX `index_users_on_confirmation_token` ON `users` (`confirmation_token`) /*application='Catcatcat'*/[0m
  [1m[36mActiveRecord::SchemaMigration Create (0.4ms)[0m  [1m[32mINSERT INTO `schema_migrations` (`version`) VALUES ('20250219021358') /*application='Catcatcat'*/[0m
  [1m[35mSQL (0.3ms)[0m  [1m[34mSELECT RELEASE_LOCK('5987710123525680375') /*application='Catcatcat'*/[0m
  [1m[36mActiveRecord::SchemaMigration Load (0.1ms)[0m  [1m[34mSELECT `schema_migrations`.`version` FROM `schema_migrations` ORDER BY `schema_migrations`.`version` ASC /*application='Catcatcat'*/[0m
Started POST "/v1/auth" for 127.0.0.1 at 2025-02-19 11:19:44 +0900
  [1m[36mActiveRecord::SchemaMigration Load (0.4ms)[0m  [1m[34mSELECT `schema_migrations`.`version` FROM `schema_migrations` ORDER BY `schema_migrations`.`version` ASC /*application='Catcatcat'*/[0m
Processing by DeviseTokenAuth::RegistrationsController#create as */*
  Parameters: {"email" => "[FILTERED]", "password " => "[FILTERED]", "registration" => {"email" => "[FILTERED]", "password " => "[FILTERED]"}}
Can't verify CSRF token authenticity.
Completed 422 Unprocessable Content in 0ms (ActiveRecord: 0.0ms (0 queries, 0 cached) | GC: 0.0ms)


  
ActionController::InvalidAuthenticityToken (Can't verify CSRF token authenticity.):
  
actionpack (8.0.1) lib/action_controller/metal/request_forgery_protection.rb:312:in 'ActionController::RequestForgeryProtection::ProtectionMethods::Exception#handle_unverified_request'
actionpack (8.0.1) lib/action_controller/metal/request_forgery_protection.rb:406:in 'ActionController::RequestForgeryProtection#handle_unverified_request'
devise (4.9.4) lib/devise/controllers/helpers.rb:257:in 'Devise::Controllers::Helpers#handle_unverified_request'
actionpack (8.0.1) lib/action_controller/metal/request_forgery_protection.rb:395:in 'ActionController::RequestForgeryProtection#verify_authenticity_token'
activesupport (8.0.1) lib/active_support/callbacks.rb:361:in 'block in ActiveSupport::Callbacks::CallTemplate::MethodCall#make_lambda'
activesupport (8.0.1) lib/active_support/callbacks.rb:178:in 'block in ActiveSupport::Callbacks::Filters::Before#call'
actionpack (8.0.1) lib/abstract_controller/callbacks.rb:34:in 'block (2 levels) in <module:Callbacks>'
activesupport (8.0.1) lib/active_support/callbacks.rb:179:in 'ActiveSupport::Callbacks::Filters::Before#call'
activesupport (8.0.1) lib/active_support/callbacks.rb:558:in 'block in ActiveSupport::Callbacks::CallbackSequence#invoke_before'
activesupport (8.0.1) lib/active_support/callbacks.rb:558:in 'Array#each'
activesupport (8.0.1) lib/active_support/callbacks.rb:558:in 'ActiveSupport::Callbacks::CallbackSequence#invoke_before'
activesupport (8.0.1) lib/active_support/callbacks.rb:118:in 'block in ActiveSupport::Callbacks#run_callbacks'
activesupport (8.0.1) lib/active_support/callbacks.rb:140:in 'ActiveSupport::Callbacks#run_callbacks'
actionpack (8.0.1) lib/abstract_controller/callbacks.rb:260:in 'AbstractController::Callbacks#process_action'
actionpack (8.0.1) lib/action_controller/metal/rescue.rb:27:in 'ActionController::Rescue#process_action'
actionpack (8.0.1) lib/action_controller/metal/instrumentation.rb:76:in 'block in ActionController::Instrumentation#process_action'
activesupport (8.0.1) lib/active_support/notifications.rb:210:in 'block in ActiveSupport::Notifications.instrument'
activesupport (8.0.1) lib/active_support/notifications/instrumenter.rb:58:in 'ActiveSupport::Notifications::Instrumenter#instrument'
activesupport (8.0.1) lib/active_support/notifications.rb:210:in 'ActiveSupport::Notifications.instrument'
actionpack (8.0.1) lib/action_controller/metal/instrumentation.rb:75:in 'ActionController::Instrumentation#process_action'
actionpack (8.0.1) lib/action_controller/metal/params_wrapper.rb:259:in 'ActionController::ParamsWrapper#process_action'
activerecord (8.0.1) lib/active_record/railties/controller_runtime.rb:39:in 'ActiveRecord::Railties::ControllerRuntime#process_action'
actionpack (8.0.1) lib/abstract_controller/base.rb:163:in 'AbstractController::Base#process'
actionview (8.0.1) lib/action_view/rendering.rb:40:in 'ActionView::Rendering#process'
actionpack (8.0.1) lib/action_controller/metal.rb:252:in 'ActionController::Metal#dispatch'
actionpack (8.0.1) lib/action_controller/metal.rb:335:in 'ActionController::Metal.dispatch'
actionpack (8.0.1) lib/action_dispatch/routing/route_set.rb:67:in 'ActionDispatch::Routing::RouteSet::Dispatcher#dispatch'
actionpack (8.0.1) lib/action_dispatch/routing/route_set.rb:50:in 'ActionDispatch::Routing::RouteSet::Dispatcher#serve'
actionpack (8.0.1) lib/action_dispatch/routing/mapper.rb:32:in 'block in <class:Constraints>'
actionpack (8.0.1) lib/action_dispatch/routing/mapper.rb:62:in 'ActionDispatch::Routing::Mapper::Constraints#serve'
actionpack (8.0.1) lib/action_dispatch/journey/router.rb:53:in 'block in ActionDispatch::Journey::Router#serve'
actionpack (8.0.1) lib/action_dispatch/journey/router.rb:133:in 'block in ActionDispatch::Journey::Router#find_routes'
actionpack (8.0.1) lib/action_dispatch/journey/router.rb:126:in 'Array#each'
actionpack (8.0.1) lib/action_dispatch/journey/router.rb:126:in 'ActionDispatch::Journey::Router#find_routes'
actionpack (8.0.1) lib/action_dispatch/journey/router.rb:34:in 'ActionDispatch::Journey::Router#serve'
actionpack (8.0.1) lib/action_dispatch/routing/route_set.rb:908:in 'ActionDispatch::Routing::RouteSet#call'
railties (8.0.1) lib/rails/engine/lazy_route_set.rb:68:in 'Rails::Engine::LazyRouteSet#call'
warden (1.2.9) lib/warden/manager.rb:36:in 'block in Warden::Manager#call'
warden (1.2.9) lib/warden/manager.rb:34:in 'Kernel#catch'
warden (1.2.9) lib/warden/manager.rb:34:in 'Warden::Manager#call'
rack (3.1.10) lib/rack/tempfile_reaper.rb:20:in 'Rack::TempfileReaper#call'
rack (3.1.10) lib/rack/etag.rb:29:in 'Rack::ETag#call'
rack (3.1.10) lib/rack/conditional_get.rb:43:in 'Rack::ConditionalGet#call'
rack (3.1.10) lib/rack/head.rb:15:in 'Rack::Head#call'
actionpack (8.0.1) lib/action_dispatch/http/permissions_policy.rb:38:in 'ActionDispatch::PermissionsPolicy::Middleware#call'
actionpack (8.0.1) lib/action_dispatch/http/content_security_policy.rb:38:in 'ActionDispatch::ContentSecurityPolicy::Middleware#call'
rack-session (2.1.0) lib/rack/session/abstract/id.rb:274:in 'Rack::Session::Abstract::Persisted#context'
rack-session (2.1.0) lib/rack/session/abstract/id.rb:268:in 'Rack::Session::Abstract::Persisted#call'
actionpack (8.0.1) lib/action_dispatch/middleware/cookies.rb:706:in 'ActionDispatch::Cookies#call'
activerecord (8.0.1) lib/active_record/migration.rb:671:in 'ActiveRecord::Migration::CheckPending#call'
actionpack (8.0.1) lib/action_dispatch/middleware/callbacks.rb:31:in 'block in ActionDispatch::Callbacks#call'
activesupport (8.0.1) lib/active_support/callbacks.rb:100:in 'ActiveSupport::Callbacks#run_callbacks'
actionpack (8.0.1) lib/action_dispatch/middleware/callbacks.rb:30:in 'ActionDispatch::Callbacks#call'
actionpack (8.0.1) lib/action_dispatch/middleware/executor.rb:16:in 'ActionDispatch::Executor#call'
actionpack (8.0.1) lib/action_dispatch/middleware/actionable_exceptions.rb:18:in 'ActionDispatch::ActionableExceptions#call'
actionpack (8.0.1) lib/action_dispatch/middleware/debug_exceptions.rb:31:in 'ActionDispatch::DebugExceptions#call'
web-console (4.2.1) lib/web_console/middleware.rb:132:in 'WebConsole::Middleware#call_app'
web-console (4.2.1) lib/web_console/middleware.rb:28:in 'block in WebConsole::Middleware#call'
web-console (4.2.1) lib/web_console/middleware.rb:17:in 'Kernel#catch'
web-console (4.2.1) lib/web_console/middleware.rb:17:in 'WebConsole::Middleware#call'
actionpack (8.0.1) lib/action_dispatch/middleware/show_exceptions.rb:32:in 'ActionDispatch::ShowExceptions#call'
railties (8.0.1) lib/rails/rack/logger.rb:41:in 'Rails::Rack::Logger#call_app'
railties (8.0.1) lib/rails/rack/logger.rb:29:in 'Rails::Rack::Logger#call'
actionpack (8.0.1) lib/action_dispatch/middleware/remote_ip.rb:96:in 'ActionDispatch::RemoteIp#call'
actionpack (8.0.1) lib/action_dispatch/middleware/request_id.rb:34:in 'ActionDispatch::RequestId#call'
rack (3.1.10) lib/rack/method_override.rb:28:in 'Rack::MethodOverride#call'
rack (3.1.10) lib/rack/runtime.rb:24:in 'Rack::Runtime#call'
actionpack (8.0.1) lib/action_dispatch/middleware/server_timing.rb:61:in 'block in ActionDispatch::ServerTiming#call'
actionpack (8.0.1) lib/action_dispatch/middleware/server_timing.rb:26:in 'ActionDispatch::ServerTiming::Subscriber#collect_events'
actionpack (8.0.1) lib/action_dispatch/middleware/server_timing.rb:60:in 'ActionDispatch::ServerTiming#call'
actionpack (8.0.1) lib/action_dispatch/middleware/executor.rb:16:in 'ActionDispatch::Executor#call'
actionpack (8.0.1) lib/action_dispatch/middleware/static.rb:27:in 'ActionDispatch::Static#call'
rack (3.1.10) lib/rack/sendfile.rb:114:in 'Rack::Sendfile#call'
actionpack (8.0.1) lib/action_dispatch/middleware/host_authorization.rb:143:in 'ActionDispatch::HostAuthorization#call'
railties (8.0.1) lib/rails/engine.rb:535:in 'Rails::Engine#call'
puma (6.6.0) lib/puma/configuration.rb:279:in 'Puma::Configuration::ConfigMiddleware#call'
puma (6.6.0) lib/puma/request.rb:99:in 'block in Puma::Request#handle_request'
puma (6.6.0) lib/puma/thread_pool.rb:390:in 'Puma::ThreadPool#with_force_shutdown'
puma (6.6.0) lib/puma/request.rb:98:in 'Puma::Request#handle_request'
puma (6.6.0) lib/puma/server.rb:472:in 'Puma::Server#process_client'
puma (6.6.0) lib/puma/server.rb:254:in 'block in Puma::Server#run'
puma (6.6.0) lib/puma/thread_pool.rb:167:in 'block in Puma::ThreadPool#spawn_thread'
Started POST "/v1/auth" for 127.0.0.1 at 2025-02-19 11:24:34 +0900
Processing by DeviseTokenAuth::RegistrationsController#create as */*
  Parameters: {"email" => "[FILTERED]", "password " => "[FILTERED]", "registration" => {"email" => "[FILTERED]", "password " => "[FILTERED]"}}
Can't verify CSRF token authenticity.
Completed 422 Unprocessable Content in 0ms (ActiveRecord: 0.0ms (0 queries, 0 cached) | GC: 0.0ms)


  
ActionController::InvalidAuthenticityToken (Can't verify CSRF token authenticity.):
  
actionpack (8.0.1) lib/action_controller/metal/request_forgery_protection.rb:312:in 'ActionController::RequestForgeryProtection::ProtectionMethods::Exception#handle_unverified_request'
actionpack (8.0.1) lib/action_controller/metal/request_forgery_protection.rb:406:in 'ActionController::RequestForgeryProtection#handle_unverified_request'
devise (4.9.4) lib/devise/controllers/helpers.rb:257:in 'Devise::Controllers::Helpers#handle_unverified_request'
actionpack (8.0.1) lib/action_controller/metal/request_forgery_protection.rb:395:in 'ActionController::RequestForgeryProtection#verify_authenticity_token'
activesupport (8.0.1) lib/active_support/callbacks.rb:361:in 'block in ActiveSupport::Callbacks::CallTemplate::MethodCall#make_lambda'
activesupport (8.0.1) lib/active_support/callbacks.rb:178:in 'block in ActiveSupport::Callbacks::Filters::Before#call'
actionpack (8.0.1) lib/abstract_controller/callbacks.rb:34:in 'block (2 levels) in <module:Callbacks>'
activesupport (8.0.1) lib/active_support/callbacks.rb:179:in 'ActiveSupport::Callbacks::Filters::Before#call'
activesupport (8.0.1) lib/active_support/callbacks.rb:558:in 'block in ActiveSupport::Callbacks::CallbackSequence#invoke_before'
activesupport (8.0.1) lib/active_support/callbacks.rb:558:in 'Array#each'
activesupport (8.0.1) lib/active_support/callbacks.rb:558:in 'ActiveSupport::Callbacks::CallbackSequence#invoke_before'
activesupport (8.0.1) lib/active_support/callbacks.rb:118:in 'block in ActiveSupport::Callbacks#run_callbacks'
activesupport (8.0.1) lib/active_support/callbacks.rb:140:in 'ActiveSupport::Callbacks#run_callbacks'
actionpack (8.0.1) lib/abstract_controller/callbacks.rb:260:in 'AbstractController::Callbacks#process_action'
actionpack (8.0.1) lib/action_controller/metal/rescue.rb:27:in 'ActionController::Rescue#process_action'
actionpack (8.0.1) lib/action_controller/metal/instrumentation.rb:76:in 'block in ActionController::Instrumentation#process_action'
activesupport (8.0.1) lib/active_support/notifications.rb:210:in 'block in ActiveSupport::Notifications.instrument'
activesupport (8.0.1) lib/active_support/notifications/instrumenter.rb:58:in 'ActiveSupport::Notifications::Instrumenter#instrument'
activesupport (8.0.1) lib/active_support/notifications.rb:210:in 'ActiveSupport::Notifications.instrument'
actionpack (8.0.1) lib/action_controller/metal/instrumentation.rb:75:in 'ActionController::Instrumentation#process_action'
actionpack (8.0.1) lib/action_controller/metal/params_wrapper.rb:259:in 'ActionController::ParamsWrapper#process_action'
activerecord (8.0.1) lib/active_record/railties/controller_runtime.rb:39:in 'ActiveRecord::Railties::ControllerRuntime#process_action'
actionpack (8.0.1) lib/abstract_controller/base.rb:163:in 'AbstractController::Base#process'
actionview (8.0.1) lib/action_view/rendering.rb:40:in 'ActionView::Rendering#process'
actionpack (8.0.1) lib/action_controller/metal.rb:252:in 'ActionController::Metal#dispatch'
actionpack (8.0.1) lib/action_controller/metal.rb:335:in 'ActionController::Metal.dispatch'
actionpack (8.0.1) lib/action_dispatch/routing/route_set.rb:67:in 'ActionDispatch::Routing::RouteSet::Dispatcher#dispatch'
actionpack (8.0.1) lib/action_dispatch/routing/route_set.rb:50:in 'ActionDispatch::Routing::RouteSet::Dispatcher#serve'
actionpack (8.0.1) lib/action_dispatch/routing/mapper.rb:32:in 'block in <class:Constraints>'
actionpack (8.0.1) lib/action_dispatch/routing/mapper.rb:62:in 'ActionDispatch::Routing::Mapper::Constraints#serve'
actionpack (8.0.1) lib/action_dispatch/journey/router.rb:53:in 'block in ActionDispatch::Journey::Router#serve'
actionpack (8.0.1) lib/action_dispatch/journey/router.rb:133:in 'block in ActionDispatch::Journey::Router#find_routes'
actionpack (8.0.1) lib/action_dispatch/journey/router.rb:126:in 'Array#each'
actionpack (8.0.1) lib/action_dispatch/journey/router.rb:126:in 'ActionDispatch::Journey::Router#find_routes'
actionpack (8.0.1) lib/action_dispatch/journey/router.rb:34:in 'ActionDispatch::Journey::Router#serve'
actionpack (8.0.1) lib/action_dispatch/routing/route_set.rb:908:in 'ActionDispatch::Routing::RouteSet#call'
railties (8.0.1) lib/rails/engine/lazy_route_set.rb:68:in 'Rails::Engine::LazyRouteSet#call'
warden (1.2.9) lib/warden/manager.rb:36:in 'block in Warden::Manager#call'
warden (1.2.9) lib/warden/manager.rb:34:in 'Kernel#catch'
warden (1.2.9) lib/warden/manager.rb:34:in 'Warden::Manager#call'
rack (3.1.10) lib/rack/tempfile_reaper.rb:20:in 'Rack::TempfileReaper#call'
rack (3.1.10) lib/rack/etag.rb:29:in 'Rack::ETag#call'
rack (3.1.10) lib/rack/conditional_get.rb:43:in 'Rack::ConditionalGet#call'
rack (3.1.10) lib/rack/head.rb:15:in 'Rack::Head#call'
actionpack (8.0.1) lib/action_dispatch/http/permissions_policy.rb:38:in 'ActionDispatch::PermissionsPolicy::Middleware#call'
actionpack (8.0.1) lib/action_dispatch/http/content_security_policy.rb:38:in 'ActionDispatch::ContentSecurityPolicy::Middleware#call'
rack-session (2.1.0) lib/rack/session/abstract/id.rb:274:in 'Rack::Session::Abstract::Persisted#context'
rack-session (2.1.0) lib/rack/session/abstract/id.rb:268:in 'Rack::Session::Abstract::Persisted#call'
actionpack (8.0.1) lib/action_dispatch/middleware/cookies.rb:706:in 'ActionDispatch::Cookies#call'
activerecord (8.0.1) lib/active_record/migration.rb:671:in 'ActiveRecord::Migration::CheckPending#call'
actionpack (8.0.1) lib/action_dispatch/middleware/callbacks.rb:31:in 'block in ActionDispatch::Callbacks#call'
activesupport (8.0.1) lib/active_support/callbacks.rb:100:in 'ActiveSupport::Callbacks#run_callbacks'
actionpack (8.0.1) lib/action_dispatch/middleware/callbacks.rb:30:in 'ActionDispatch::Callbacks#call'
actionpack (8.0.1) lib/action_dispatch/middleware/executor.rb:16:in 'ActionDispatch::Executor#call'
actionpack (8.0.1) lib/action_dispatch/middleware/actionable_exceptions.rb:18:in 'ActionDispatch::ActionableExceptions#call'
actionpack (8.0.1) lib/action_dispatch/middleware/debug_exceptions.rb:31:in 'ActionDispatch::DebugExceptions#call'
web-console (4.2.1) lib/web_console/middleware.rb:132:in 'WebConsole::Middleware#call_app'
web-console (4.2.1) lib/web_console/middleware.rb:28:in 'block in WebConsole::Middleware#call'
web-console (4.2.1) lib/web_console/middleware.rb:17:in 'Kernel#catch'
web-console (4.2.1) lib/web_console/middleware.rb:17:in 'WebConsole::Middleware#call'
actionpack (8.0.1) lib/action_dispatch/middleware/show_exceptions.rb:32:in 'ActionDispatch::ShowExceptions#call'
railties (8.0.1) lib/rails/rack/logger.rb:41:in 'Rails::Rack::Logger#call_app'
railties (8.0.1) lib/rails/rack/logger.rb:29:in 'Rails::Rack::Logger#call'
actionpack (8.0.1) lib/action_dispatch/middleware/remote_ip.rb:96:in 'ActionDispatch::RemoteIp#call'
actionpack (8.0.1) lib/action_dispatch/middleware/request_id.rb:34:in 'ActionDispatch::RequestId#call'
rack (3.1.10) lib/rack/method_override.rb:28:in 'Rack::MethodOverride#call'
rack (3.1.10) lib/rack/runtime.rb:24:in 'Rack::Runtime#call'
actionpack (8.0.1) lib/action_dispatch/middleware/server_timing.rb:61:in 'block in ActionDispatch::ServerTiming#call'
actionpack (8.0.1) lib/action_dispatch/middleware/server_timing.rb:26:in 'ActionDispatch::ServerTiming::Subscriber#collect_events'
actionpack (8.0.1) lib/action_dispatch/middleware/server_timing.rb:60:in 'ActionDispatch::ServerTiming#call'
actionpack (8.0.1) lib/action_dispatch/middleware/executor.rb:16:in 'ActionDispatch::Executor#call'
actionpack (8.0.1) lib/action_dispatch/middleware/static.rb:27:in 'ActionDispatch::Static#call'
rack (3.1.10) lib/rack/sendfile.rb:114:in 'Rack::Sendfile#call'
actionpack (8.0.1) lib/action_dispatch/middleware/host_authorization.rb:143:in 'ActionDispatch::HostAuthorization#call'
railties (8.0.1) lib/rails/engine.rb:535:in 'Rails::Engine#call'
puma (6.6.0) lib/puma/configuration.rb:279:in 'Puma::Configuration::ConfigMiddleware#call'
puma (6.6.0) lib/puma/request.rb:99:in 'block in Puma::Request#handle_request'
puma (6.6.0) lib/puma/thread_pool.rb:390:in 'Puma::ThreadPool#with_force_shutdown'
puma (6.6.0) lib/puma/request.rb:98:in 'Puma::Request#handle_request'
puma (6.6.0) lib/puma/server.rb:472:in 'Puma::Server#process_client'
puma (6.6.0) lib/puma/server.rb:254:in 'block in Puma::Server#run'
puma (6.6.0) lib/puma/thread_pool.rb:167:in 'block in Puma::ThreadPool#spawn_thread'
Started POST "/v1/auth" for 127.0.0.1 at 2025-02-19 11:24:36 +0900
Processing by DeviseTokenAuth::RegistrationsController#create as */*
  Parameters: {"email" => "[FILTERED]", "password " => "[FILTERED]", "registration" => {"email" => "[FILTERED]", "password " => "[FILTERED]"}}
Can't verify CSRF token authenticity.
Completed 422 Unprocessable Content in 0ms (ActiveRecord: 0.0ms (0 queries, 0 cached) | GC: 0.0ms)


  
ActionController::InvalidAuthenticityToken (Can't verify CSRF token authenticity.):
  
actionpack (8.0.1) lib/action_controller/metal/request_forgery_protection.rb:312:in 'ActionController::RequestForgeryProtection::ProtectionMethods::Exception#handle_unverified_request'
actionpack (8.0.1) lib/action_controller/metal/request_forgery_protection.rb:406:in 'ActionController::RequestForgeryProtection#handle_unverified_request'
devise (4.9.4) lib/devise/controllers/helpers.rb:257:in 'Devise::Controllers::Helpers#handle_unverified_request'
actionpack (8.0.1) lib/action_controller/metal/request_forgery_protection.rb:395:in 'ActionController::RequestForgeryProtection#verify_authenticity_token'
activesupport (8.0.1) lib/active_support/callbacks.rb:361:in 'block in ActiveSupport::Callbacks::CallTemplate::MethodCall#make_lambda'
activesupport (8.0.1) lib/active_support/callbacks.rb:178:in 'block in ActiveSupport::Callbacks::Filters::Before#call'
actionpack (8.0.1) lib/abstract_controller/callbacks.rb:34:in 'block (2 levels) in <module:Callbacks>'
activesupport (8.0.1) lib/active_support/callbacks.rb:179:in 'ActiveSupport::Callbacks::Filters::Before#call'
activesupport (8.0.1) lib/active_support/callbacks.rb:558:in 'block in ActiveSupport::Callbacks::CallbackSequence#invoke_before'
activesupport (8.0.1) lib/active_support/callbacks.rb:558:in 'Array#each'
activesupport (8.0.1) lib/active_support/callbacks.rb:558:in 'ActiveSupport::Callbacks::CallbackSequence#invoke_before'
activesupport (8.0.1) lib/active_support/callbacks.rb:118:in 'block in ActiveSupport::Callbacks#run_callbacks'
activesupport (8.0.1) lib/active_support/callbacks.rb:140:in 'ActiveSupport::Callbacks#run_callbacks'
actionpack (8.0.1) lib/abstract_controller/callbacks.rb:260:in 'AbstractController::Callbacks#process_action'
actionpack (8.0.1) lib/action_controller/metal/rescue.rb:27:in 'ActionController::Rescue#process_action'
actionpack (8.0.1) lib/action_controller/metal/instrumentation.rb:76:in 'block in ActionController::Instrumentation#process_action'
activesupport (8.0.1) lib/active_support/notifications.rb:210:in 'block in ActiveSupport::Notifications.instrument'
activesupport (8.0.1) lib/active_support/notifications/instrumenter.rb:58:in 'ActiveSupport::Notifications::Instrumenter#instrument'
activesupport (8.0.1) lib/active_support/notifications.rb:210:in 'ActiveSupport::Notifications.instrument'
actionpack (8.0.1) lib/action_controller/metal/instrumentation.rb:75:in 'ActionController::Instrumentation#process_action'
actionpack (8.0.1) lib/action_controller/metal/params_wrapper.rb:259:in 'ActionController::ParamsWrapper#process_action'
activerecord (8.0.1) lib/active_record/railties/controller_runtime.rb:39:in 'ActiveRecord::Railties::ControllerRuntime#process_action'
actionpack (8.0.1) lib/abstract_controller/base.rb:163:in 'AbstractController::Base#process'
actionview (8.0.1) lib/action_view/rendering.rb:40:in 'ActionView::Rendering#process'
actionpack (8.0.1) lib/action_controller/metal.rb:252:in 'ActionController::Metal#dispatch'
actionpack (8.0.1) lib/action_controller/metal.rb:335:in 'ActionController::Metal.dispatch'
actionpack (8.0.1) lib/action_dispatch/routing/route_set.rb:67:in 'ActionDispatch::Routing::RouteSet::Dispatcher#dispatch'
actionpack (8.0.1) lib/action_dispatch/routing/route_set.rb:50:in 'ActionDispatch::Routing::RouteSet::Dispatcher#serve'
actionpack (8.0.1) lib/action_dispatch/routing/mapper.rb:32:in 'block in <class:Constraints>'
actionpack (8.0.1) lib/action_dispatch/routing/mapper.rb:62:in 'ActionDispatch::Routing::Mapper::Constraints#serve'
actionpack (8.0.1) lib/action_dispatch/journey/router.rb:53:in 'block in ActionDispatch::Journey::Router#serve'
actionpack (8.0.1) lib/action_dispatch/journey/router.rb:133:in 'block in ActionDispatch::Journey::Router#find_routes'
actionpack (8.0.1) lib/action_dispatch/journey/router.rb:126:in 'Array#each'
actionpack (8.0.1) lib/action_dispatch/journey/router.rb:126:in 'ActionDispatch::Journey::Router#find_routes'
actionpack (8.0.1) lib/action_dispatch/journey/router.rb:34:in 'ActionDispatch::Journey::Router#serve'
actionpack (8.0.1) lib/action_dispatch/routing/route_set.rb:908:in 'ActionDispatch::Routing::RouteSet#call'
railties (8.0.1) lib/rails/engine/lazy_route_set.rb:68:in 'Rails::Engine::LazyRouteSet#call'
warden (1.2.9) lib/warden/manager.rb:36:in 'block in Warden::Manager#call'
warden (1.2.9) lib/warden/manager.rb:34:in 'Kernel#catch'
warden (1.2.9) lib/warden/manager.rb:34:in 'Warden::Manager#call'
rack (3.1.10) lib/rack/tempfile_reaper.rb:20:in 'Rack::TempfileReaper#call'
rack (3.1.10) lib/rack/etag.rb:29:in 'Rack::ETag#call'
rack (3.1.10) lib/rack/conditional_get.rb:43:in 'Rack::ConditionalGet#call'
rack (3.1.10) lib/rack/head.rb:15:in 'Rack::Head#call'
actionpack (8.0.1) lib/action_dispatch/http/permissions_policy.rb:38:in 'ActionDispatch::PermissionsPolicy::Middleware#call'
actionpack (8.0.1) lib/action_dispatch/http/content_security_policy.rb:38:in 'ActionDispatch::ContentSecurityPolicy::Middleware#call'
rack-session (2.1.0) lib/rack/session/abstract/id.rb:274:in 'Rack::Session::Abstract::Persisted#context'
rack-session (2.1.0) lib/rack/session/abstract/id.rb:268:in 'Rack::Session::Abstract::Persisted#call'
actionpack (8.0.1) lib/action_dispatch/middleware/cookies.rb:706:in 'ActionDispatch::Cookies#call'
activerecord (8.0.1) lib/active_record/migration.rb:671:in 'ActiveRecord::Migration::CheckPending#call'
actionpack (8.0.1) lib/action_dispatch/middleware/callbacks.rb:31:in 'block in ActionDispatch::Callbacks#call'
activesupport (8.0.1) lib/active_support/callbacks.rb:100:in 'ActiveSupport::Callbacks#run_callbacks'
actionpack (8.0.1) lib/action_dispatch/middleware/callbacks.rb:30:in 'ActionDispatch::Callbacks#call'
actionpack (8.0.1) lib/action_dispatch/middleware/executor.rb:16:in 'ActionDispatch::Executor#call'
actionpack (8.0.1) lib/action_dispatch/middleware/actionable_exceptions.rb:18:in 'ActionDispatch::ActionableExceptions#call'
actionpack (8.0.1) lib/action_dispatch/middleware/debug_exceptions.rb:31:in 'ActionDispatch::DebugExceptions#call'
web-console (4.2.1) lib/web_console/middleware.rb:132:in 'WebConsole::Middleware#call_app'
web-console (4.2.1) lib/web_console/middleware.rb:28:in 'block in WebConsole::Middleware#call'
web-console (4.2.1) lib/web_console/middleware.rb:17:in 'Kernel#catch'
web-console (4.2.1) lib/web_console/middleware.rb:17:in 'WebConsole::Middleware#call'
actionpack (8.0.1) lib/action_dispatch/middleware/show_exceptions.rb:32:in 'ActionDispatch::ShowExceptions#call'
railties (8.0.1) lib/rails/rack/logger.rb:41:in 'Rails::Rack::Logger#call_app'
railties (8.0.1) lib/rails/rack/logger.rb:29:in 'Rails::Rack::Logger#call'
actionpack (8.0.1) lib/action_dispatch/middleware/remote_ip.rb:96:in 'ActionDispatch::RemoteIp#call'
actionpack (8.0.1) lib/action_dispatch/middleware/request_id.rb:34:in 'ActionDispatch::RequestId#call'
rack (3.1.10) lib/rack/method_override.rb:28:in 'Rack::MethodOverride#call'
rack (3.1.10) lib/rack/runtime.rb:24:in 'Rack::Runtime#call'
actionpack (8.0.1) lib/action_dispatch/middleware/server_timing.rb:61:in 'block in ActionDispatch::ServerTiming#call'
actionpack (8.0.1) lib/action_dispatch/middleware/server_timing.rb:26:in 'ActionDispatch::ServerTiming::Subscriber#collect_events'
actionpack (8.0.1) lib/action_dispatch/middleware/server_timing.rb:60:in 'ActionDispatch::ServerTiming#call'
actionpack (8.0.1) lib/action_dispatch/middleware/executor.rb:16:in 'ActionDispatch::Executor#call'
actionpack (8.0.1) lib/action_dispatch/middleware/static.rb:27:in 'ActionDispatch::Static#call'
rack (3.1.10) lib/rack/sendfile.rb:114:in 'Rack::Sendfile#call'
actionpack (8.0.1) lib/action_dispatch/middleware/host_authorization.rb:143:in 'ActionDispatch::HostAuthorization#call'
railties (8.0.1) lib/rails/engine.rb:535:in 'Rails::Engine#call'
puma (6.6.0) lib/puma/configuration.rb:279:in 'Puma::Configuration::ConfigMiddleware#call'
puma (6.6.0) lib/puma/request.rb:99:in 'block in Puma::Request#handle_request'
puma (6.6.0) lib/puma/thread_pool.rb:390:in 'Puma::ThreadPool#with_force_shutdown'
puma (6.6.0) lib/puma/request.rb:98:in 'Puma::Request#handle_request'
puma (6.6.0) lib/puma/server.rb:472:in 'Puma::Server#process_client'
puma (6.6.0) lib/puma/server.rb:254:in 'block in Puma::Server#run'
puma (6.6.0) lib/puma/thread_pool.rb:167:in 'block in Puma::ThreadPool#spawn_thread'
Started POST "/v1/auth" for 127.0.0.1 at 2025-02-19 11:26:58 +0900
Processing by DeviseTokenAuth::RegistrationsController#create as */*
  Parameters: {"email" => "[FILTERED]", "password " => "[FILTERED]", "registration" => {"email" => "[FILTERED]", "password " => "[FILTERED]"}}
[31mUnpermitted parameters: :password , :registration. Context: { controller: DeviseTokenAuth::RegistrationsController, action: create, request: #<ActionDispatch::Request:0x00000001422f47f0>, params: {"email" => "[FILTERED]", "password " => "[FILTERED]", "controller" => "devise_token_auth/registrations", "action" => "create", "registration" => {"email" => "[FILTERED]", "password " => "[FILTERED]"}} }[0m
[31mUnpermitted parameters: :password , :registration. Context: { controller: DeviseTokenAuth::RegistrationsController, action: create, request: #<ActionDispatch::Request:0x00000001422f47f0>, params: {"email" => "[FILTERED]", "password " => "[FILTERED]", "controller" => "devise_token_auth/registrations", "action" => "create", "registration" => {"email" => "[FILTERED]", "password " => "[FILTERED]"}} }[0m
[31mUnpermitted parameters: :password , :registration. Context: { controller: DeviseTokenAuth::RegistrationsController, action: create, request: #<ActionDispatch::Request:0x00000001422f47f0>, params: {"email" => "[FILTERED]", "password " => "[FILTERED]", "controller" => "devise_token_auth/registrations", "action" => "create", "registration" => {"email" => "[FILTERED]", "password " => "[FILTERED]"}} }[0m
  [1m[36mTRANSACTION (0.2ms)[0m  [1m[35mBEGIN /*action='create',application='Catcatcat',controller='registrations'*/[0m
  [1m[36mUser Exists? (2.3ms)[0m  [1m[34mSELECT 1 AS one FROM `users` WHERE `users`.`email` = 'thibira@amazon.co.jp' AND `users`.`provider` = 'email' LIMIT 1 /*action='create',application='Catcatcat',controller='registrations'*/[0m
  [1m[36mTRANSACTION (0.2ms)[0m  [1m[31mROLLBACK /*action='create',application='Catcatcat',controller='registrations'*/[0m
Completed 422 Unprocessable Content in 112ms (Views: 0.1ms | ActiveRecord: 9.5ms (1 query, 0 cached) | GC: 15.6ms)


Started POST "/v1/auth" for 127.0.0.1 at 2025-02-19 11:28:03 +0900
Processing by DeviseTokenAuth::RegistrationsController#create as */*
  Parameters: {"email" => "[FILTERED]", "name" => "thibira@amazon.co.jp", "nickname" => "thibira@amazon.co.jp", "password" => "[FILTERED]", "registration" => {"email" => "[FILTERED]", "name" => "thibira@amazon.co.jp", "nickname" => "thibira@amazon.co.jp", "password" => "[FILTERED]"}}
[31mUnpermitted parameters: :name, :nickname, :registration. Context: { controller: DeviseTokenAuth::RegistrationsController, action: create, request: #<ActionDispatch::Request:0x0000000121b5a500>, params: {"email" => "[FILTERED]", "name" => "thibira@amazon.co.jp", "nickname" => "thibira@amazon.co.jp", "password" => "[FILTERED]", "controller" => "devise_token_auth/registrations", "action" => "create", "registration" => {"email" => "[FILTERED]", "name" => "thibira@amazon.co.jp", "nickname" => "thibira@amazon.co.jp", "password" => "[FILTERED]"}} }[0m
[31mUnpermitted parameters: :name, :nickname, :registration. Context: { controller: DeviseTokenAuth::RegistrationsController, action: create, request: #<ActionDispatch::Request:0x0000000121b5a500>, params: {"email" => "[FILTERED]", "name" => "thibira@amazon.co.jp", "nickname" => "thibira@amazon.co.jp", "password" => "[FILTERED]", "controller" => "devise_token_auth/registrations", "action" => "create", "registration" => {"email" => "[FILTERED]", "name" => "thibira@amazon.co.jp", "nickname" => "thibira@amazon.co.jp", "password" => "[FILTERED]"}} }[0m
[31mUnpermitted parameters: :name, :nickname, :registration. Context: { controller: DeviseTokenAuth::RegistrationsController, action: create, request: #<ActionDispatch::Request:0x0000000121b5a500>, params: {"email" => "[FILTERED]", "name" => "thibira@amazon.co.jp", "nickname" => "thibira@amazon.co.jp", "password" => "[FILTERED]", "controller" => "devise_token_auth/registrations", "action" => "create", "registration" => {"email" => "[FILTERED]", "name" => "thibira@amazon.co.jp", "nickname" => "thibira@amazon.co.jp", "password" => "[FILTERED]"}} }[0m
  [1m[36mTRANSACTION (0.1ms)[0m  [1m[35mBEGIN /*action='create',application='Catcatcat',controller='registrations'*/[0m
  [1m[36mUser Exists? (1.7ms)[0m  [1m[34mSELECT 1 AS one FROM `users` WHERE `users`.`email` = 'thibira@amazon.co.jp' AND `users`.`provider` = 'email' LIMIT 1 /*action='create',application='Catcatcat',controller='registrations'*/[0m
  [1m[36mUser Create (1.0ms)[0m  [1m[32mINSERT INTO `users` (`provider`, `uid`, `encrypted_password`, `reset_password_token`, `reset_password_sent_at`, `allow_password_change`, `remember_created_at`, `confirmation_token`, `confirmed_at`, `confirmation_sent_at`, `unconfirmed_email`, `name`, `nickname`, `image`, `email`, `tokens`, `created_at`, `updated_at`) VALUES ('email', 'thibira@amazon.co.jp', '$2a$12$iNo6vCN/FNEcWAzMIXORmuQYvWIszac0S433k2Iicoy4F1hwiYCey', NULL, NULL, FALSE, NULL, NULL, NULL, NULL, NULL, NULL, NULL, NULL, 'thibira@amazon.co.jp', NULL, '2025-02-19 02:28:03.372920', '2025-02-19 02:28:03.372920') /*action='create',application='Catcatcat',controller='registrations'*/[0m
  [1m[36mTRANSACTION (2.0ms)[0m  [1m[35mCOMMIT /*action='create',application='Catcatcat',controller='registrations'*/[0m
  [1m[36mTRANSACTION (0.2ms)[0m  [1m[35mBEGIN /*action='create',application='Catcatcat',controller='registrations'*/[0m
  [1m[36mUser Update (1.2ms)[0m  [1m[33mUPDATE `users` SET `users`.`tokens` = '{\"jxFQO-KxQW8XJo-PdqTypA\":{\"token\":\"$2a$10$IeMBDZLNkNOgbJ0V6TSfjOYtHwXf4YDIgcQ7okrD9.jlpNVmBQW9S\",\"expiry\":1741141683}}', `users`.`updated_at` = '2025-02-19 02:28:03.427550' WHERE `users`.`id` = 1 /*action='create',application='Catcatcat',controller='registrations'*/[0m
  [1m[36mTRANSACTION (0.4ms)[0m  [1m[35mCOMMIT /*action='create',application='Catcatcat',controller='registrations'*/[0m
  [1m[36mUser Load (0.3ms)[0m  [1m[34mSELECT `users`.* FROM `users` WHERE `users`.`id` = 1 LIMIT 1 /*action='create',application='Catcatcat',controller='registrations'*/[0m
  [1m[36mTRANSACTION (0.1ms)[0m  [1m[35mBEGIN /*action='create',application='Catcatcat',controller='registrations'*/[0m
  [1m[36mUser Load (0.8ms)[0m  [1m[37mSELECT `users`.* FROM `users` WHERE `users`.`id` = 1 LIMIT 1 FOR UPDATE /*action='create',application='Catcatcat',controller='registrations'*/[0m
  [1m[36mUser Update (0.8ms)[0m  [1m[33mUPDATE `users` SET `users`.`tokens` = '{\"jxFQO-KxQW8XJo-PdqTypA\":{\"token\":\"$2a$10$oho6ElCQI.JeONnV/aosr.67XGyvPYbmfBQxBZAI3eJiJwxMdY1EW\",\"expiry\":1741141683,\"previous_token\":\"$2a$10$IeMBDZLNkNOgbJ0V6TSfjOYtHwXf4YDIgcQ7okrD9.jlpNVmBQW9S\",\"updated_at\":\"2025-02-19T02:28:03Z\"}}', `users`.`updated_at` = '2025-02-19 02:28:03.482672' WHERE `users`.`id` = 1 /*action='create',application='Catcatcat',controller='registrations'*/[0m
  [1m[36mTRANSACTION (0.5ms)[0m  [1m[35mCOMMIT /*action='create',application='Catcatcat',controller='registrations'*/[0m
Completed 200 OK in 359ms (Views: 0.0ms | ActiveRecord: 9.1ms (6 queries, 0 cached) | GC: 3.2ms)


